<?xml version="1.0" encoding="UTF-8"?>
<testng-results ignored="0" total="1" passed="1" failed="0" skipped="0">
  <reporter-output>
  </reporter-output>
  <suite started-at="2023-04-20T14:26:01 IST" name="Default suite" finished-at="2023-04-20T14:26:01 IST" duration-ms="54">
    <groups>
    </groups>
    <test started-at="2023-04-20T14:26:01 IST" name="Default test" finished-at="2023-04-20T14:26:01 IST" duration-ms="54">
      <class name="mock.SelectTest">
        <test-method signature="m()[pri:0, instance:mock.SelectTest@66498326]" started-at="2023-04-20T14:26:01 IST" name="m" finished-at="2023-04-20T14:26:01 IST" depends-on-methods="mock.SelectTest.demo" duration-ms="11" status="PASS">
          <reporter-output>
          </reporter-output>
        </test-method> <!-- m -->
      </class> <!-- mock.SelectTest -->
    </test> <!-- Default test -->
  </suite> <!-- Default suite -->
</testng-results>
