<?xml version="1.0" encoding="UTF-8"?>
<testng-results ignored="0" total="1" passed="1" failed="0" skipped="0">
  <reporter-output>
  </reporter-output>
  <suite started-at="2023-10-03T14:33:05 IST" name="Default suite" finished-at="2023-10-03T14:33:05 IST" duration-ms="66">
    <groups>
    </groups>
    <test started-at="2023-10-03T14:33:05 IST" name="Default test" finished-at="2023-10-03T14:33:05 IST" duration-ms="66">
      <class name="Script.Str">
        <test-method signature="java_$java()[pri:0, instance:Script.Str@4a7f959b]" started-at="2023-10-03T14:33:05 IST" name="java_$java" finished-at="2023-10-03T14:33:05 IST" duration-ms="12" status="PASS">
          <reporter-output>
          </reporter-output>
        </test-method> <!-- java_$java -->
      </class> <!-- Script.Str -->
    </test> <!-- Default test -->
  </suite> <!-- Default suite -->
</testng-results>
